30-09-2019 10:02:42.860 [restartedMain] INFO  c.e.p.app.SpringParentsApplication.logStartupProfileInfo - No active profile set, falling back to default profiles: default
30-09-2019 10:02:45.365 [restartedMain] INFO  o.s.d.r.c.RepositoryConfigurationDelegate.registerRepositoriesIn - Bootstrapping Spring Data repositories in DEFAULT mode.
30-09-2019 10:02:45.504 [restartedMain] INFO  o.s.d.r.c.RepositoryConfigurationDelegate.registerRepositoriesIn - Finished Spring Data repository scanning in 135ms. Found 1 repository interfaces.
30-09-2019 10:02:45.511 [restartedMain] INFO  o.s.d.r.c.RepositoryConfigurationDelegate.registerRepositoriesIn - Bootstrapping Spring Data repositories in DEFAULT mode.
30-09-2019 10:02:45.517 [restartedMain] INFO  o.s.d.r.c.RepositoryConfigurationDelegate.registerRepositoriesIn - Finished Spring Data repository scanning in 5ms. Found 0 repository interfaces.
30-09-2019 10:02:45.716 [restartedMain] WARN  o.s.boot.actuate.endpoint.EndpointId.logWarning - Endpoint ID 'service-registry' contains invalid characters, please migrate to a valid format.
30-09-2019 10:02:46.249 [restartedMain] INFO  o.s.cloud.context.scope.GenericScope.setSerializationId - BeanFactory id=6acbd9f3-1bb3-316e-b810-6899ae7d7a28
30-09-2019 10:02:47.203 [restartedMain] INFO  o.s.c.s.PostProcessorRegistrationDelegate$BeanPostProcessorChecker.postProcessAfterInitialization - Bean 'org.springframework.cloud.autoconfigure.ConfigurationPropertiesRebinderAutoConfiguration' of type [org.springframework.cloud.autoconfigure.ConfigurationPropertiesRebinderAutoConfiguration$$EnhancerBySpringCGLIB$$3cf7e316] is not eligible for getting processed by all BeanPostProcessors (for example: not eligible for auto-proxying)
30-09-2019 10:02:47.211 [restartedMain] INFO  o.s.c.s.PostProcessorRegistrationDelegate$BeanPostProcessorChecker.postProcessAfterInitialization - Bean 'org.springframework.cloud.sleuth.instrument.web.client.TraceWebClientAutoConfiguration$NettyConfiguration' of type [org.springframework.cloud.sleuth.instrument.web.client.TraceWebClientAutoConfiguration$NettyConfiguration$$EnhancerBySpringCGLIB$$1f740a9c] is not eligible for getting processed by all BeanPostProcessors (for example: not eligible for auto-proxying)
30-09-2019 10:02:49.010 [restartedMain] INFO  org.mongodb.driver.cluster.info - Cluster created with settings {hosts=[localhost:27017], mode=SINGLE, requiredClusterType=UNKNOWN, serverSelectionTimeout='30000 ms', maxWaitQueueSize=500}
30-09-2019 10:02:51.696 [cluster-ClusterId{value='5d921919b6195b08f042d4a4', description='null'}-localhost:27017] INFO  org.mongodb.driver.connection.info - Opened connection [connectionId{localValue:1, serverValue:88}] to localhost:27017
30-09-2019 10:02:51.705 [cluster-ClusterId{value='5d921919b6195b08f042d4a4', description='null'}-localhost:27017] INFO  org.mongodb.driver.cluster.info - Monitor thread successfully connected to server with description ServerDescription{address=localhost:27017, type=STANDALONE, state=CONNECTED, ok=true, version=ServerVersion{versionList=[4, 2, 0]}, minWireVersion=0, maxWireVersion=8, maxDocumentSize=16777216, logicalSessionTimeoutMinutes=30, roundTripTimeNanos=5366981}
30-09-2019 10:03:01.219 [restartedMain] INFO  org.mongodb.driver.cluster.info - Cluster created with settings {hosts=[localhost:27017], mode=MULTIPLE, requiredClusterType=UNKNOWN, serverSelectionTimeout='30000 ms', maxWaitQueueSize=500}
30-09-2019 10:03:01.221 [restartedMain] INFO  org.mongodb.driver.cluster.info - Adding discovered server localhost:27017 to client view of cluster
30-09-2019 10:03:01.371 [cluster-ClusterId{value='5d921925b6195b08f042d4a5', description='null'}-localhost:27017] INFO  org.mongodb.driver.connection.info - Opened connection [connectionId{localValue:2, serverValue:90}] to localhost:27017
30-09-2019 10:03:01.373 [cluster-ClusterId{value='5d921925b6195b08f042d4a5', description='null'}-localhost:27017] INFO  org.mongodb.driver.cluster.info - Monitor thread successfully connected to server with description ServerDescription{address=localhost:27017, type=STANDALONE, state=CONNECTED, ok=true, version=ServerVersion{versionList=[4, 2, 0]}, minWireVersion=0, maxWireVersion=8, maxDocumentSize=16777216, logicalSessionTimeoutMinutes=30, roundTripTimeNanos=1109745}
30-09-2019 10:03:01.374 [cluster-ClusterId{value='5d921925b6195b08f042d4a5', description='null'}-localhost:27017] INFO  org.mongodb.driver.cluster.info - Discovered cluster type of STANDALONE
30-09-2019 10:03:01.975 [restartedMain] WARN  o.s.b.d.a.OptionalLiveReloadServer.startServer - Unable to start LiveReload server
30-09-2019 10:03:05.880 [restartedMain] WARN  c.n.c.sources.URLConfigurationSource.<init> - No URLs will be polled as dynamic configuration sources.
30-09-2019 10:03:05.881 [restartedMain] INFO  c.n.c.sources.URLConfigurationSource.<init> - To enable URLs as dynamic configuration sources, define System property archaius.configurationSource.additionalUrls or make config.properties available on classpath.
30-09-2019 10:03:05.968 [restartedMain] INFO  c.n.config.DynamicPropertyFactory.getInstance - DynamicPropertyFactory is initialized with configuration sources: com.netflix.config.ConcurrentCompositeConfiguration@2aced695
30-09-2019 10:03:06.333 [restartedMain] INFO  o.s.b.a.e.web.EndpointLinksResolver.<init> - Exposing 20 endpoint(s) beneath base path '/actuator'
30-09-2019 10:03:06.617 [restartedMain] WARN  c.n.c.sources.URLConfigurationSource.<init> - No URLs will be polled as dynamic configuration sources.
30-09-2019 10:03:06.617 [restartedMain] INFO  c.n.c.sources.URLConfigurationSource.<init> - To enable URLs as dynamic configuration sources, define System property archaius.configurationSource.additionalUrls or make config.properties available on classpath.
30-09-2019 10:03:10.443 [restartedMain] INFO  o.s.c.n.eureka.InstanceInfoFactory.create - Setting initial instance status as: STARTING
30-09-2019 10:03:10.530 [restartedMain] INFO  c.netflix.discovery.DiscoveryClient.<init> - Initializing Eureka in region us-east-1
30-09-2019 10:03:10.665 [restartedMain] INFO  c.n.d.p.DiscoveryJerseyProvider.<init> - Using JSON encoding codec LegacyJacksonJson
30-09-2019 10:03:10.666 [restartedMain] INFO  c.n.d.p.DiscoveryJerseyProvider.<init> - Using JSON decoding codec LegacyJacksonJson
30-09-2019 10:03:11.057 [restartedMain] INFO  c.n.d.p.DiscoveryJerseyProvider.<init> - Using XML encoding codec XStreamXml
30-09-2019 10:03:11.058 [restartedMain] INFO  c.n.d.p.DiscoveryJerseyProvider.<init> - Using XML decoding codec XStreamXml
30-09-2019 10:03:11.459 [restartedMain] INFO  c.n.d.s.r.aws.ConfigClusterResolver.getClusterEndpoints - Resolving eureka endpoints via configuration
30-09-2019 10:03:11.893 [restartedMain] INFO  c.netflix.discovery.DiscoveryClient.fetchRegistry - Disable delta property : false
30-09-2019 10:03:11.893 [restartedMain] INFO  c.netflix.discovery.DiscoveryClient.fetchRegistry - Single vip registry refresh property : null
30-09-2019 10:03:11.894 [restartedMain] INFO  c.netflix.discovery.DiscoveryClient.fetchRegistry - Force full registry fetch : false
30-09-2019 10:03:11.895 [restartedMain] INFO  c.netflix.discovery.DiscoveryClient.fetchRegistry - Application is null : false
30-09-2019 10:03:11.895 [restartedMain] INFO  c.netflix.discovery.DiscoveryClient.fetchRegistry - Registered Applications size is zero : true
30-09-2019 10:03:11.896 [restartedMain] INFO  c.netflix.discovery.DiscoveryClient.fetchRegistry - Application version is -1: true
30-09-2019 10:03:11.896 [restartedMain] INFO  c.netflix.discovery.DiscoveryClient.getAndStoreFullRegistry - Getting all instance registry info from the eureka server
30-09-2019 10:03:12.139 [restartedMain] INFO  c.netflix.discovery.DiscoveryClient.getAndStoreFullRegistry - The response status is 200
30-09-2019 10:03:12.143 [restartedMain] INFO  c.netflix.discovery.DiscoveryClient.initScheduledTasks - Starting heartbeat executor: renew interval is: 30
30-09-2019 10:03:12.147 [restartedMain] INFO  c.n.discovery.InstanceInfoReplicator.<init> - InstanceInfoReplicator onDemand update allowed rate per min is 4
30-09-2019 10:03:12.161 [restartedMain] INFO  c.netflix.discovery.DiscoveryClient.<init> - Discovery Client initialized at timestamp 1569855792151 with initial instances count: 1
30-09-2019 10:03:12.167 [restartedMain] INFO  o.s.c.n.e.s.EurekaServiceRegistry.register - Registering application SPRING-PARENTS with eureka with status UP
30-09-2019 10:03:12.168 [restartedMain] INFO  c.netflix.discovery.DiscoveryClient.notify - Saw local status change event StatusChangeEvent [timestamp=1569855792168, current=UP, previous=STARTING]
30-09-2019 10:03:12.171 [DiscoveryClient-InstanceInfoReplicator-0] INFO  c.netflix.discovery.DiscoveryClient.register - DiscoveryClient_SPRING-PARENTS/LIM-BF4WDC2.usersad.everis.int:spring-parents:8085: registering service...
30-09-2019 10:03:12.171 [restartedMain] INFO  s.d.s.w.p.DocumentationPluginsBootstrapper.start - Documentation plugins bootstrapped
30-09-2019 10:03:12.193 [restartedMain] INFO  s.d.s.w.p.DocumentationPluginsBootstrapper.bootstrapDocumentationPlugins - Found 1 custom documentation plugin(s)
30-09-2019 10:03:12.244 [DiscoveryClient-InstanceInfoReplicator-0] INFO  c.netflix.discovery.DiscoveryClient.register - DiscoveryClient_SPRING-PARENTS/LIM-BF4WDC2.usersad.everis.int:spring-parents:8085 - registration status: 204
30-09-2019 10:03:12.284 [restartedMain] INFO  s.d.s.w.s.ApiListingReferenceScanner.scan - Scanning for api listing references
30-09-2019 10:03:13.254 [restartedMain] INFO  o.s.b.w.e.netty.NettyWebServer.start - Netty started on port(s): 8085
30-09-2019 10:03:13.256 [restartedMain] INFO  o.s.c.n.e.s.EurekaAutoServiceRegistration.onApplicationEvent - Updating port to 8085
30-09-2019 10:03:14.444 [restartedMain] INFO  c.e.p.app.SpringParentsApplication.logStarted - Started SpringParentsApplication in 52.476 seconds (JVM running for 63.819)
30-09-2019 10:08:11.907 [AsyncResolver-bootstrap-executor-0] INFO  c.n.d.s.r.aws.ConfigClusterResolver.getClusterEndpoints - Resolving eureka endpoints via configuration
30-09-2019 10:13:11.930 [AsyncResolver-bootstrap-executor-0] INFO  c.n.d.s.r.aws.ConfigClusterResolver.getClusterEndpoints - Resolving eureka endpoints via configuration
30-09-2019 10:18:12.032 [AsyncResolver-bootstrap-executor-0] INFO  c.n.d.s.r.aws.ConfigClusterResolver.getClusterEndpoints - Resolving eureka endpoints via configuration
30-09-2019 10:18:42.267 [RMI TCP Connection(23)-127.0.0.1] INFO  o.s.b.a.SpringApplicationAdminMXBeanRegistrar$SpringApplicationAdmin.shutdown - Application shutdown requested.
30-09-2019 10:18:45.948 [RMI TCP Connection(23)-127.0.0.1] INFO  o.s.c.n.e.s.EurekaServiceRegistry.deregister - Unregistering application SPRING-PARENTS with eureka with status DOWN
30-09-2019 10:18:46.233 [RMI TCP Connection(23)-127.0.0.1] WARN  c.netflix.discovery.DiscoveryClient.notify - Saw local status change event StatusChangeEvent [timestamp=1569856726111, current=DOWN, previous=UP]
30-09-2019 10:18:46.512 [DiscoveryClient-InstanceInfoReplicator-0] INFO  c.netflix.discovery.DiscoveryClient.register - DiscoveryClient_SPRING-PARENTS/LIM-BF4WDC2.usersad.everis.int:spring-parents:8085: registering service...
30-09-2019 10:18:47.661 [DiscoveryClient-InstanceInfoReplicator-0] INFO  c.netflix.discovery.DiscoveryClient.register - DiscoveryClient_SPRING-PARENTS/LIM-BF4WDC2.usersad.everis.int:spring-parents:8085 - registration status: 204
30-09-2019 10:18:56.359 [RMI TCP Connection(23)-127.0.0.1] INFO  c.netflix.discovery.DiscoveryClient.shutdown - Shutting down DiscoveryClient ...
30-09-2019 10:18:59.548 [RMI TCP Connection(23)-127.0.0.1] INFO  c.netflix.discovery.DiscoveryClient.unregister - Unregistering ...
30-09-2019 10:18:59.701 [RMI TCP Connection(23)-127.0.0.1] INFO  c.netflix.discovery.DiscoveryClient.unregister - DiscoveryClient_SPRING-PARENTS/LIM-BF4WDC2.usersad.everis.int:spring-parents:8085 - deregister  status: 200
30-09-2019 10:19:00.278 [RMI TCP Connection(23)-127.0.0.1] INFO  c.netflix.discovery.DiscoveryClient.shutdown - Completed shut down of DiscoveryClient
